<?xml version="1.0" encoding="UTF-8"?>
<testsuite xmlns:xsi="http://www.w3.org/2001/XMLSchema-instance" xsi:noNamespaceSchemaLocation="https://maven.apache.org/surefire/maven-surefire-plugin/xsd/surefire-test-report.xsd" name="com.example.demo.DemoApplicationTests" time="5.145" tests="1" errors="0" skipped="0" failures="0">
  <properties>
    <property name="awt.toolkit" value="sun.awt.X11.XToolkit"/>
    <property name="java.specification.version" value="11"/>
    <property name="sun.cpu.isalist" value=""/>
    <property name="sun.jnu.encoding" value="UTF-8"/>
    <property name="java.class.path" value="/home/asanchez/sps-review-project/target/test-classes:/home/asanchez/sps-review-project/target/classes:/home/asanchez/.m2/repository/org/springframework/boot/spring-boot-starter-web/2.6.10-SNAPSHOT/spring-boot-starter-web-2.6.10-SNAPSHOT.jar:/home/asanchez/.m2/repository/org/springframework/boot/spring-boot-starter/2.6.10-SNAPSHOT/spring-boot-starter-2.6.10-SNAPSHOT.jar:/home/asanchez/.m2/repository/org/springframework/boot/spring-boot/2.6.10-SNAPSHOT/spring-boot-2.6.10-SNAPSHOT.jar:/home/asanchez/.m2/repository/org/springframework/boot/spring-boot-autoconfigure/2.6.10-SNAPSHOT/spring-boot-autoconfigure-2.6.10-SNAPSHOT.jar:/home/asanchez/.m2/repository/org/springframework/boot/spring-boot-starter-logging/2.6.10-SNAPSHOT/spring-boot-starter-logging-2.6.10-SNAPSHOT.jar:/home/asanchez/.m2/repository/ch/qos/logback/logback-classic/1.2.11/logback-classic-1.2.11.jar:/home/asanchez/.m2/repository/ch/qos/logback/logback-core/1.2.11/logback-core-1.2.11.jar:/home/asanchez/.m2/repository/org/apache/logging/log4j/log4j-to-slf4j/2.17.2/log4j-to-slf4j-2.17.2.jar:/home/asanchez/.m2/repository/org/apache/logging/log4j/log4j-api/2.17.2/log4j-api-2.17.2.jar:/home/asanchez/.m2/repository/org/slf4j/jul-to-slf4j/1.7.36/jul-to-slf4j-1.7.36.jar:/home/asanchez/.m2/repository/jakarta/annotation/jakarta.annotation-api/1.3.5/jakarta.annotation-api-1.3.5.jar:/home/asanchez/.m2/repository/org/yaml/snakeyaml/1.29/snakeyaml-1.29.jar:/home/asanchez/.m2/repository/org/springframework/boot/spring-boot-starter-json/2.6.10-SNAPSHOT/spring-boot-starter-json-2.6.10-SNAPSHOT.jar:/home/asanchez/.m2/repository/com/fasterxml/jackson/core/jackson-databind/2.13.3/jackson-databind-2.13.3.jar:/home/asanchez/.m2/repository/com/fasterxml/jackson/core/jackson-annotations/2.13.3/jackson-annotations-2.13.3.jar:/home/asanchez/.m2/repository/com/fasterxml/jackson/datatype/jackson-datatype-jdk8/2.13.3/jackson-datatype-jdk8-2.13.3.jar:/home/asanchez/.m2/repository/com/fasterxml/jackson/datatype/jackson-datatype-jsr310/2.13.3/jackson-datatype-jsr310-2.13.3.jar:/home/asanchez/.m2/repository/com/fasterxml/jackson/module/jackson-module-parameter-names/2.13.3/jackson-module-parameter-names-2.13.3.jar:/home/asanchez/.m2/repository/org/springframework/boot/spring-boot-starter-tomcat/2.6.10-SNAPSHOT/spring-boot-starter-tomcat-2.6.10-SNAPSHOT.jar:/home/asanchez/.m2/repository/org/apache/tomcat/embed/tomcat-embed-core/9.0.64/tomcat-embed-core-9.0.64.jar:/home/asanchez/.m2/repository/org/apache/tomcat/embed/tomcat-embed-el/9.0.64/tomcat-embed-el-9.0.64.jar:/home/asanchez/.m2/repository/org/apache/tomcat/embed/tomcat-embed-websocket/9.0.64/tomcat-embed-websocket-9.0.64.jar:/home/asanchez/.m2/repository/org/springframework/spring-web/5.3.22/spring-web-5.3.22.jar:/home/asanchez/.m2/repository/org/springframework/spring-beans/5.3.22/spring-beans-5.3.22.jar:/home/asanchez/.m2/repository/org/springframework/spring-webmvc/5.3.22/spring-webmvc-5.3.22.jar:/home/asanchez/.m2/repository/org/springframework/spring-aop/5.3.22/spring-aop-5.3.22.jar:/home/asanchez/.m2/repository/org/springframework/spring-context/5.3.22/spring-context-5.3.22.jar:/home/asanchez/.m2/repository/org/springframework/spring-expression/5.3.22/spring-expression-5.3.22.jar:/home/asanchez/.m2/repository/com/google/cloud/spring-cloud-gcp-starter/3.3.0/spring-cloud-gcp-starter-3.3.0.jar:/home/asanchez/.m2/repository/com/google/cloud/spring-cloud-gcp-core/3.3.0/spring-cloud-gcp-core-3.3.0.jar:/home/asanchez/.m2/repository/com/google/cloud/spring-cloud-gcp-autoconfigure/3.3.0/spring-cloud-gcp-autoconfigure-3.3.0.jar:/home/asanchez/.m2/repository/org/apache/commons/commons-lang3/3.12.0/commons-lang3-3.12.0.jar:/home/asanchez/.m2/repository/org/slf4j/slf4j-api/1.7.36/slf4j-api-1.7.36.jar:/home/asanchez/.m2/repository/com/google/cloud/google-cloud-datastore/1.104.0/google-cloud-datastore-1.104.0.jar:/home/asanchez/.m2/repository/com/google/cloud/google-cloud-core-http/2.6.0/google-cloud-core-http-2.6.0.jar:/home/asanchez/.m2/repository/com/google/auth/google-auth-library-credentials/1.6.0/google-auth-library-credentials-1.6.0.jar:/home/asanchez/.m2/repository/com/google/api-client/google-api-client/1.30.9/google-api-client-1.30.9.jar:/home/asanchez/.m2/repository/com/google/http-client/google-http-client-appengine/1.41.7/google-http-client-appengine-1.41.7.jar:/home/asanchez/.m2/repository/com/google/api/gax-httpjson/0.101.0/gax-httpjson-0.101.0.jar:/home/asanchez/.m2/repository/com/google/http-client/google-http-client-gson/1.41.7/google-http-client-gson-1.41.7.jar:/home/asanchez/.m2/repository/com/google/code/gson/gson/2.8.9/gson-2.8.9.jar:/home/asanchez/.m2/repository/com/google/code/findbugs/jsr305/3.0.2/jsr305-3.0.2.jar:/home/asanchez/.m2/repository/io/opencensus/opencensus-contrib-http-util/0.24.0/opencensus-contrib-http-util-0.24.0.jar:/home/asanchez/.m2/repository/com/google/api/grpc/proto-google-cloud-datastore-v1/0.95.0/proto-google-cloud-datastore-v1-0.95.0.jar:/home/asanchez/.m2/repository/com/google/cloud/datastore/datastore-v1-proto-client/1.6.3/datastore-v1-proto-client-1.6.3.jar:/home/asanchez/.m2/repository/com/google/http-client/google-http-client-protobuf/1.41.7/google-http-client-protobuf-1.41.7.jar:/home/asanchez/.m2/repository/io/grpc/grpc-api/1.45.1/grpc-api-1.45.1.jar:/home/asanchez/.m2/repository/io/grpc/grpc-context/1.45.1/grpc-context-1.45.1.jar:/home/asanchez/.m2/repository/org/codehaus/mojo/animal-sniffer-annotations/1.18/animal-sniffer-annotations-1.18.jar:/home/asanchez/.m2/repository/com/google/api/api-common/2.1.5/api-common-2.1.5.jar:/home/asanchez/.m2/repository/javax/annotation/javax.annotation-api/1.3.2/javax.annotation-api-1.3.2.jar:/home/asanchez/.m2/repository/com/google/auto/value/auto-value-annotations/1.9/auto-value-annotations-1.9.jar:/home/asanchez/.m2/repository/org/threeten/threetenbp/1.4.4/threetenbp-1.4.4.jar:/home/asanchez/.m2/repository/com/google/protobuf/protobuf-java/3.19.4/protobuf-java-3.19.4.jar:/home/asanchez/.m2/repository/com/google/api/gax/2.16.0/gax-2.16.0.jar:/home/asanchez/.m2/repository/com/google/guava/guava/31.1-jre/guava-31.1-jre.jar:/home/asanchez/.m2/repository/org/checkerframework/checker-qual/3.12.0/checker-qual-3.12.0.jar:/home/asanchez/.m2/repository/com/google/guava/failureaccess/1.0.1/failureaccess-1.0.1.jar:/home/asanchez/.m2/repository/com/google/guava/listenablefuture/9999.0-empty-to-avoid-conflict-with-guava/listenablefuture-9999.0-empty-to-avoid-conflict-with-guava.jar:/home/asanchez/.m2/repository/org/checkerframework/checker-compat-qual/2.5.5/checker-compat-qual-2.5.5.jar:/home/asanchez/.m2/repository/com/google/errorprone/error_prone_annotations/2.3.4/error_prone_annotations-2.3.4.jar:/home/asanchez/.m2/repository/com/google/j2objc/j2objc-annotations/1.3/j2objc-annotations-1.3.jar:/home/asanchez/.m2/repository/com/google/cloud/google-cloud-core/2.6.0/google-cloud-core-2.6.0.jar:/home/asanchez/.m2/repository/com/google/protobuf/protobuf-java-util/3.19.4/protobuf-java-util-3.19.4.jar:/home/asanchez/.m2/repository/com/google/api/grpc/proto-google-iam-v1/1.3.1/proto-google-iam-v1-1.3.1.jar:/home/asanchez/.m2/repository/com/google/api/grpc/proto-google-common-protos/2.8.3/proto-google-common-protos-2.8.3.jar:/home/asanchez/.m2/repository/com/google/http-client/google-http-client/1.41.7/google-http-client-1.41.7.jar:/home/asanchez/.m2/repository/org/apache/httpcomponents/httpclient/4.5.13/httpclient-4.5.13.jar:/home/asanchez/.m2/repository/commons-logging/commons-logging/1.2/commons-logging-1.2.jar:/home/asanchez/.m2/repository/commons-codec/commons-codec/1.15/commons-codec-1.15.jar:/home/asanchez/.m2/repository/org/apache/httpcomponents/httpcore/4.4.15/httpcore-4.4.15.jar:/home/asanchez/.m2/repository/com/google/http-client/google-http-client-jackson2/1.41.7/google-http-client-jackson2-1.41.7.jar:/home/asanchez/.m2/repository/com/fasterxml/jackson/core/jackson-core/2.13.3/jackson-core-2.13.3.jar:/home/asanchez/.m2/repository/com/google/oauth-client/google-oauth-client/1.30.6/google-oauth-client-1.30.6.jar:/home/asanchez/.m2/repository/com/google/auth/google-auth-library-oauth2-http/1.6.0/google-auth-library-oauth2-http-1.6.0.jar:/home/asanchez/.m2/repository/io/opencensus/opencensus-api/0.24.0/opencensus-api-0.24.0.jar:/home/asanchez/.m2/repository/org/springframework/boot/spring-boot-starter-test/2.6.10-SNAPSHOT/spring-boot-starter-test-2.6.10-SNAPSHOT.jar:/home/asanchez/.m2/repository/org/springframework/boot/spring-boot-test/2.6.10-SNAPSHOT/spring-boot-test-2.6.10-SNAPSHOT.jar:/home/asanchez/.m2/repository/org/springframework/boot/spring-boot-test-autoconfigure/2.6.10-SNAPSHOT/spring-boot-test-autoconfigure-2.6.10-SNAPSHOT.jar:/home/asanchez/.m2/repository/com/jayway/jsonpath/json-path/2.6.0/json-path-2.6.0.jar:/home/asanchez/.m2/repository/net/minidev/json-smart/2.4.8/json-smart-2.4.8.jar:/home/asanchez/.m2/repository/net/minidev/accessors-smart/2.4.8/accessors-smart-2.4.8.jar:/home/asanchez/.m2/repository/org/ow2/asm/asm/9.1/asm-9.1.jar:/home/asanchez/.m2/repository/jakarta/xml/bind/jakarta.xml.bind-api/2.3.3/jakarta.xml.bind-api-2.3.3.jar:/home/asanchez/.m2/repository/jakarta/activation/jakarta.activation-api/1.2.2/jakarta.activation-api-1.2.2.jar:/home/asanchez/.m2/repository/org/assertj/assertj-core/3.21.0/assertj-core-3.21.0.jar:/home/asanchez/.m2/repository/org/hamcrest/hamcrest/2.2/hamcrest-2.2.jar:/home/asanchez/.m2/repository/org/junit/jupiter/junit-jupiter/5.8.2/junit-jupiter-5.8.2.jar:/home/asanchez/.m2/repository/org/junit/jupiter/junit-jupiter-api/5.8.2/junit-jupiter-api-5.8.2.jar:/home/asanchez/.m2/repository/org/opentest4j/opentest4j/1.2.0/opentest4j-1.2.0.jar:/home/asanchez/.m2/repository/org/junit/platform/junit-platform-commons/1.8.2/junit-platform-commons-1.8.2.jar:/home/asanchez/.m2/repository/org/apiguardian/apiguardian-api/1.1.2/apiguardian-api-1.1.2.jar:/home/asanchez/.m2/repository/org/junit/jupiter/junit-jupiter-params/5.8.2/junit-jupiter-params-5.8.2.jar:/home/asanchez/.m2/repository/org/junit/jupiter/junit-jupiter-engine/5.8.2/junit-jupiter-engine-5.8.2.jar:/home/asanchez/.m2/repository/org/junit/platform/junit-platform-engine/1.8.2/junit-platform-engine-1.8.2.jar:/home/asanchez/.m2/repository/org/mockito/mockito-core/4.0.0/mockito-core-4.0.0.jar:/home/asanchez/.m2/repository/net/bytebuddy/byte-buddy/1.11.22/byte-buddy-1.11.22.jar:/home/asanchez/.m2/repository/net/bytebuddy/byte-buddy-agent/1.11.22/byte-buddy-agent-1.11.22.jar:/home/asanchez/.m2/repository/org/objenesis/objenesis/3.2/objenesis-3.2.jar:/home/asanchez/.m2/repository/org/mockito/mockito-junit-jupiter/4.0.0/mockito-junit-jupiter-4.0.0.jar:/home/asanchez/.m2/repository/org/skyscreamer/jsonassert/1.5.1/jsonassert-1.5.1.jar:/home/asanchez/.m2/repository/com/vaadin/external/google/android-json/0.0.20131108.vaadin1/android-json-0.0.20131108.vaadin1.jar:/home/asanchez/.m2/repository/org/springframework/spring-core/5.3.22/spring-core-5.3.22.jar:/home/asanchez/.m2/repository/org/springframework/spring-jcl/5.3.22/spring-jcl-5.3.22.jar:/home/asanchez/.m2/repository/org/springframework/spring-test/5.3.22/spring-test-5.3.22.jar:/home/asanchez/.m2/repository/org/xmlunit/xmlunit-core/2.8.4/xmlunit-core-2.8.4.jar:"/>
    <property name="java.vm.vendor" value="Debian"/>
    <property name="sun.arch.data.model" value="64"/>
    <property name="java.vendor.url" value="https://tracker.debian.org/openjdk-11"/>
    <property name="user.timezone" value=""/>
    <property name="java.vm.specification.version" value="11"/>
    <property name="os.name" value="Linux"/>
    <property name="sun.java.launcher" value="SUN_STANDARD"/>
    <property name="user.country" value="US"/>
    <property name="sun.boot.library.path" value="/usr/lib/jvm/java-11-openjdk-amd64/lib"/>
    <property name="sun.java.command" value="/home/asanchez/sps-review-project/target/surefire/surefirebooter1085540363328219508.jar /home/asanchez/sps-review-project/target/surefire 2022-07-18T19-48-58_360-jvmRun1 surefire459403575445919438tmp surefire_05784448642353795641tmp"/>
    <property name="jdk.debug" value="release"/>
    <property name="surefire.test.class.path" value="/home/asanchez/sps-review-project/target/test-classes:/home/asanchez/sps-review-project/target/classes:/home/asanchez/.m2/repository/org/springframework/boot/spring-boot-starter-web/2.6.10-SNAPSHOT/spring-boot-starter-web-2.6.10-SNAPSHOT.jar:/home/asanchez/.m2/repository/org/springframework/boot/spring-boot-starter/2.6.10-SNAPSHOT/spring-boot-starter-2.6.10-SNAPSHOT.jar:/home/asanchez/.m2/repository/org/springframework/boot/spring-boot/2.6.10-SNAPSHOT/spring-boot-2.6.10-SNAPSHOT.jar:/home/asanchez/.m2/repository/org/springframework/boot/spring-boot-autoconfigure/2.6.10-SNAPSHOT/spring-boot-autoconfigure-2.6.10-SNAPSHOT.jar:/home/asanchez/.m2/repository/org/springframework/boot/spring-boot-starter-logging/2.6.10-SNAPSHOT/spring-boot-starter-logging-2.6.10-SNAPSHOT.jar:/home/asanchez/.m2/repository/ch/qos/logback/logback-classic/1.2.11/logback-classic-1.2.11.jar:/home/asanchez/.m2/repository/ch/qos/logback/logback-core/1.2.11/logback-core-1.2.11.jar:/home/asanchez/.m2/repository/org/apache/logging/log4j/log4j-to-slf4j/2.17.2/log4j-to-slf4j-2.17.2.jar:/home/asanchez/.m2/repository/org/apache/logging/log4j/log4j-api/2.17.2/log4j-api-2.17.2.jar:/home/asanchez/.m2/repository/org/slf4j/jul-to-slf4j/1.7.36/jul-to-slf4j-1.7.36.jar:/home/asanchez/.m2/repository/jakarta/annotation/jakarta.annotation-api/1.3.5/jakarta.annotation-api-1.3.5.jar:/home/asanchez/.m2/repository/org/yaml/snakeyaml/1.29/snakeyaml-1.29.jar:/home/asanchez/.m2/repository/org/springframework/boot/spring-boot-starter-json/2.6.10-SNAPSHOT/spring-boot-starter-json-2.6.10-SNAPSHOT.jar:/home/asanchez/.m2/repository/com/fasterxml/jackson/core/jackson-databind/2.13.3/jackson-databind-2.13.3.jar:/home/asanchez/.m2/repository/com/fasterxml/jackson/core/jackson-annotations/2.13.3/jackson-annotations-2.13.3.jar:/home/asanchez/.m2/repository/com/fasterxml/jackson/datatype/jackson-datatype-jdk8/2.13.3/jackson-datatype-jdk8-2.13.3.jar:/home/asanchez/.m2/repository/com/fasterxml/jackson/datatype/jackson-datatype-jsr310/2.13.3/jackson-datatype-jsr310-2.13.3.jar:/home/asanchez/.m2/repository/com/fasterxml/jackson/module/jackson-module-parameter-names/2.13.3/jackson-module-parameter-names-2.13.3.jar:/home/asanchez/.m2/repository/org/springframework/boot/spring-boot-starter-tomcat/2.6.10-SNAPSHOT/spring-boot-starter-tomcat-2.6.10-SNAPSHOT.jar:/home/asanchez/.m2/repository/org/apache/tomcat/embed/tomcat-embed-core/9.0.64/tomcat-embed-core-9.0.64.jar:/home/asanchez/.m2/repository/org/apache/tomcat/embed/tomcat-embed-el/9.0.64/tomcat-embed-el-9.0.64.jar:/home/asanchez/.m2/repository/org/apache/tomcat/embed/tomcat-embed-websocket/9.0.64/tomcat-embed-websocket-9.0.64.jar:/home/asanchez/.m2/repository/org/springframework/spring-web/5.3.22/spring-web-5.3.22.jar:/home/asanchez/.m2/repository/org/springframework/spring-beans/5.3.22/spring-beans-5.3.22.jar:/home/asanchez/.m2/repository/org/springframework/spring-webmvc/5.3.22/spring-webmvc-5.3.22.jar:/home/asanchez/.m2/repository/org/springframework/spring-aop/5.3.22/spring-aop-5.3.22.jar:/home/asanchez/.m2/repository/org/springframework/spring-context/5.3.22/spring-context-5.3.22.jar:/home/asanchez/.m2/repository/org/springframework/spring-expression/5.3.22/spring-expression-5.3.22.jar:/home/asanchez/.m2/repository/com/google/cloud/spring-cloud-gcp-starter/3.3.0/spring-cloud-gcp-starter-3.3.0.jar:/home/asanchez/.m2/repository/com/google/cloud/spring-cloud-gcp-core/3.3.0/spring-cloud-gcp-core-3.3.0.jar:/home/asanchez/.m2/repository/com/google/cloud/spring-cloud-gcp-autoconfigure/3.3.0/spring-cloud-gcp-autoconfigure-3.3.0.jar:/home/asanchez/.m2/repository/org/apache/commons/commons-lang3/3.12.0/commons-lang3-3.12.0.jar:/home/asanchez/.m2/repository/org/slf4j/slf4j-api/1.7.36/slf4j-api-1.7.36.jar:/home/asanchez/.m2/repository/com/google/cloud/google-cloud-datastore/1.104.0/google-cloud-datastore-1.104.0.jar:/home/asanchez/.m2/repository/com/google/cloud/google-cloud-core-http/2.6.0/google-cloud-core-http-2.6.0.jar:/home/asanchez/.m2/repository/com/google/auth/google-auth-library-credentials/1.6.0/google-auth-library-credentials-1.6.0.jar:/home/asanchez/.m2/repository/com/google/api-client/google-api-client/1.30.9/google-api-client-1.30.9.jar:/home/asanchez/.m2/repository/com/google/http-client/google-http-client-appengine/1.41.7/google-http-client-appengine-1.41.7.jar:/home/asanchez/.m2/repository/com/google/api/gax-httpjson/0.101.0/gax-httpjson-0.101.0.jar:/home/asanchez/.m2/repository/com/google/http-client/google-http-client-gson/1.41.7/google-http-client-gson-1.41.7.jar:/home/asanchez/.m2/repository/com/google/code/gson/gson/2.8.9/gson-2.8.9.jar:/home/asanchez/.m2/repository/com/google/code/findbugs/jsr305/3.0.2/jsr305-3.0.2.jar:/home/asanchez/.m2/repository/io/opencensus/opencensus-contrib-http-util/0.24.0/opencensus-contrib-http-util-0.24.0.jar:/home/asanchez/.m2/repository/com/google/api/grpc/proto-google-cloud-datastore-v1/0.95.0/proto-google-cloud-datastore-v1-0.95.0.jar:/home/asanchez/.m2/repository/com/google/cloud/datastore/datastore-v1-proto-client/1.6.3/datastore-v1-proto-client-1.6.3.jar:/home/asanchez/.m2/repository/com/google/http-client/google-http-client-protobuf/1.41.7/google-http-client-protobuf-1.41.7.jar:/home/asanchez/.m2/repository/io/grpc/grpc-api/1.45.1/grpc-api-1.45.1.jar:/home/asanchez/.m2/repository/io/grpc/grpc-context/1.45.1/grpc-context-1.45.1.jar:/home/asanchez/.m2/repository/org/codehaus/mojo/animal-sniffer-annotations/1.18/animal-sniffer-annotations-1.18.jar:/home/asanchez/.m2/repository/com/google/api/api-common/2.1.5/api-common-2.1.5.jar:/home/asanchez/.m2/repository/javax/annotation/javax.annotation-api/1.3.2/javax.annotation-api-1.3.2.jar:/home/asanchez/.m2/repository/com/google/auto/value/auto-value-annotations/1.9/auto-value-annotations-1.9.jar:/home/asanchez/.m2/repository/org/threeten/threetenbp/1.4.4/threetenbp-1.4.4.jar:/home/asanchez/.m2/repository/com/google/protobuf/protobuf-java/3.19.4/protobuf-java-3.19.4.jar:/home/asanchez/.m2/repository/com/google/api/gax/2.16.0/gax-2.16.0.jar:/home/asanchez/.m2/repository/com/google/guava/guava/31.1-jre/guava-31.1-jre.jar:/home/asanchez/.m2/repository/org/checkerframework/checker-qual/3.12.0/checker-qual-3.12.0.jar:/home/asanchez/.m2/repository/com/google/guava/failureaccess/1.0.1/failureaccess-1.0.1.jar:/home/asanchez/.m2/repository/com/google/guava/listenablefuture/9999.0-empty-to-avoid-conflict-with-guava/listenablefuture-9999.0-empty-to-avoid-conflict-with-guava.jar:/home/asanchez/.m2/repository/org/checkerframework/checker-compat-qual/2.5.5/checker-compat-qual-2.5.5.jar:/home/asanchez/.m2/repository/com/google/errorprone/error_prone_annotations/2.3.4/error_prone_annotations-2.3.4.jar:/home/asanchez/.m2/repository/com/google/j2objc/j2objc-annotations/1.3/j2objc-annotations-1.3.jar:/home/asanchez/.m2/repository/com/google/cloud/google-cloud-core/2.6.0/google-cloud-core-2.6.0.jar:/home/asanchez/.m2/repository/com/google/protobuf/protobuf-java-util/3.19.4/protobuf-java-util-3.19.4.jar:/home/asanchez/.m2/repository/com/google/api/grpc/proto-google-iam-v1/1.3.1/proto-google-iam-v1-1.3.1.jar:/home/asanchez/.m2/repository/com/google/api/grpc/proto-google-common-protos/2.8.3/proto-google-common-protos-2.8.3.jar:/home/asanchez/.m2/repository/com/google/http-client/google-http-client/1.41.7/google-http-client-1.41.7.jar:/home/asanchez/.m2/repository/org/apache/httpcomponents/httpclient/4.5.13/httpclient-4.5.13.jar:/home/asanchez/.m2/repository/commons-logging/commons-logging/1.2/commons-logging-1.2.jar:/home/asanchez/.m2/repository/commons-codec/commons-codec/1.15/commons-codec-1.15.jar:/home/asanchez/.m2/repository/org/apache/httpcomponents/httpcore/4.4.15/httpcore-4.4.15.jar:/home/asanchez/.m2/repository/com/google/http-client/google-http-client-jackson2/1.41.7/google-http-client-jackson2-1.41.7.jar:/home/asanchez/.m2/repository/com/fasterxml/jackson/core/jackson-core/2.13.3/jackson-core-2.13.3.jar:/home/asanchez/.m2/repository/com/google/oauth-client/google-oauth-client/1.30.6/google-oauth-client-1.30.6.jar:/home/asanchez/.m2/repository/com/google/auth/google-auth-library-oauth2-http/1.6.0/google-auth-library-oauth2-http-1.6.0.jar:/home/asanchez/.m2/repository/io/opencensus/opencensus-api/0.24.0/opencensus-api-0.24.0.jar:/home/asanchez/.m2/repository/org/springframework/boot/spring-boot-starter-test/2.6.10-SNAPSHOT/spring-boot-starter-test-2.6.10-SNAPSHOT.jar:/home/asanchez/.m2/repository/org/springframework/boot/spring-boot-test/2.6.10-SNAPSHOT/spring-boot-test-2.6.10-SNAPSHOT.jar:/home/asanchez/.m2/repository/org/springframework/boot/spring-boot-test-autoconfigure/2.6.10-SNAPSHOT/spring-boot-test-autoconfigure-2.6.10-SNAPSHOT.jar:/home/asanchez/.m2/repository/com/jayway/jsonpath/json-path/2.6.0/json-path-2.6.0.jar:/home/asanchez/.m2/repository/net/minidev/json-smart/2.4.8/json-smart-2.4.8.jar:/home/asanchez/.m2/repository/net/minidev/accessors-smart/2.4.8/accessors-smart-2.4.8.jar:/home/asanchez/.m2/repository/org/ow2/asm/asm/9.1/asm-9.1.jar:/home/asanchez/.m2/repository/jakarta/xml/bind/jakarta.xml.bind-api/2.3.3/jakarta.xml.bind-api-2.3.3.jar:/home/asanchez/.m2/repository/jakarta/activation/jakarta.activation-api/1.2.2/jakarta.activation-api-1.2.2.jar:/home/asanchez/.m2/repository/org/assertj/assertj-core/3.21.0/assertj-core-3.21.0.jar:/home/asanchez/.m2/repository/org/hamcrest/hamcrest/2.2/hamcrest-2.2.jar:/home/asanchez/.m2/repository/org/junit/jupiter/junit-jupiter/5.8.2/junit-jupiter-5.8.2.jar:/home/asanchez/.m2/repository/org/junit/jupiter/junit-jupiter-api/5.8.2/junit-jupiter-api-5.8.2.jar:/home/asanchez/.m2/repository/org/opentest4j/opentest4j/1.2.0/opentest4j-1.2.0.jar:/home/asanchez/.m2/repository/org/junit/platform/junit-platform-commons/1.8.2/junit-platform-commons-1.8.2.jar:/home/asanchez/.m2/repository/org/apiguardian/apiguardian-api/1.1.2/apiguardian-api-1.1.2.jar:/home/asanchez/.m2/repository/org/junit/jupiter/junit-jupiter-params/5.8.2/junit-jupiter-params-5.8.2.jar:/home/asanchez/.m2/repository/org/junit/jupiter/junit-jupiter-engine/5.8.2/junit-jupiter-engine-5.8.2.jar:/home/asanchez/.m2/repository/org/junit/platform/junit-platform-engine/1.8.2/junit-platform-engine-1.8.2.jar:/home/asanchez/.m2/repository/org/mockito/mockito-core/4.0.0/mockito-core-4.0.0.jar:/home/asanchez/.m2/repository/net/bytebuddy/byte-buddy/1.11.22/byte-buddy-1.11.22.jar:/home/asanchez/.m2/repository/net/bytebuddy/byte-buddy-agent/1.11.22/byte-buddy-agent-1.11.22.jar:/home/asanchez/.m2/repository/org/objenesis/objenesis/3.2/objenesis-3.2.jar:/home/asanchez/.m2/repository/org/mockito/mockito-junit-jupiter/4.0.0/mockito-junit-jupiter-4.0.0.jar:/home/asanchez/.m2/repository/org/skyscreamer/jsonassert/1.5.1/jsonassert-1.5.1.jar:/home/asanchez/.m2/repository/com/vaadin/external/google/android-json/0.0.20131108.vaadin1/android-json-0.0.20131108.vaadin1.jar:/home/asanchez/.m2/repository/org/springframework/spring-core/5.3.22/spring-core-5.3.22.jar:/home/asanchez/.m2/repository/org/springframework/spring-jcl/5.3.22/spring-jcl-5.3.22.jar:/home/asanchez/.m2/repository/org/springframework/spring-test/5.3.22/spring-test-5.3.22.jar:/home/asanchez/.m2/repository/org/xmlunit/xmlunit-core/2.8.4/xmlunit-core-2.8.4.jar:"/>
    <property name="sun.cpu.endian" value="little"/>
    <property name="user.home" value="/home/asanchez"/>
    <property name="user.language" value="en"/>
    <property name="java.specification.vendor" value="Oracle Corporation"/>
    <property name="java.version.date" value="2022-04-19"/>
    <property name="java.home" value="/usr/lib/jvm/java-11-openjdk-amd64"/>
    <property name="file.separator" value="/"/>
    <property name="basedir" value="/home/asanchez/sps-review-project"/>
    <property name="java.vm.compressedOopsMode" value="32-bit"/>
    <property name="line.separator" value="&#10;"/>
    <property name="java.specification.name" value="Java Platform API Specification"/>
    <property name="java.vm.specification.vendor" value="Oracle Corporation"/>
    <property name="java.awt.graphicsenv" value="sun.awt.X11GraphicsEnvironment"/>
    <property name="surefire.real.class.path" value="/home/asanchez/sps-review-project/target/surefire/surefirebooter1085540363328219508.jar"/>
    <property name="sun.management.compiler" value="HotSpot 64-Bit Tiered Compilers"/>
    <property name="java.runtime.version" value="11.0.15+10-post-Debian-1deb11u1"/>
    <property name="user.name" value="asanchez"/>
    <property name="path.separator" value=":"/>
    <property name="os.version" value="5.10.109+"/>
    <property name="java.runtime.name" value="OpenJDK Runtime Environment"/>
    <property name="file.encoding" value="UTF-8"/>
    <property name="java.vm.name" value="OpenJDK 64-Bit Server VM"/>
    <property name="localRepository" value="/home/asanchez/.m2/repository"/>
    <property name="java.vendor.url.bug" value="https://bugs.debian.org/openjdk-11"/>
    <property name="java.io.tmpdir" value="/tmp"/>
    <property name="java.version" value="11.0.15"/>
    <property name="user.dir" value="/home/asanchez/sps-review-project"/>
    <property name="os.arch" value="amd64"/>
    <property name="java.vm.specification.name" value="Java Virtual Machine Specification"/>
    <property name="java.awt.printerjob" value="sun.print.PSPrinterJob"/>
    <property name="sun.os.patch.level" value="unknown"/>
    <property name="java.library.path" value="/usr/java/packages/lib:/usr/lib/x86_64-linux-gnu/jni:/lib/x86_64-linux-gnu:/usr/lib/x86_64-linux-gnu:/usr/lib/jni:/lib:/usr/lib"/>
    <property name="java.vm.info" value="mixed mode, sharing"/>
    <property name="java.vendor" value="Debian"/>
    <property name="java.vm.version" value="11.0.15+10-post-Debian-1deb11u1"/>
    <property name="sun.io.unicode.encoding" value="UnicodeLittle"/>
    <property name="java.class.version" value="55.0"/>
  </properties>
  <testcase name="contextLoads" classname="com.example.demo.DemoApplicationTests" time="0.524"/>
</testsuite>